#-----------------------------------------------------------
# Vivado v2020.2 (64-bit)
# SW Build 3064766 on Wed Nov 18 09:12:45 MST 2020
# IP Build 3064653 on Wed Nov 18 14:17:31 MST 2020
# Start of session at: Wed Mar  3 14:01:47 2021
# Process ID: 15452
# Current directory: D:/Documents/Rubinek/Digital-electronics-1/Labs/03-vivado/tb_mux_2bit_new
# Command line: vivado.exe -gui_launcher_event rodinguilauncherevent23296 D:\Documents\Rubinek\Digital-electronics-1\Labs\03-vivado\tb_mux_2bit_new\tb_mux_2bit_new.xpr
# Log file: D:/Documents/Rubinek/Digital-electronics-1/Labs/03-vivado/tb_mux_2bit_new/vivado.log
# Journal file: D:/Documents/Rubinek/Digital-electronics-1/Labs/03-vivado/tb_mux_2bit_new\vivado.jou
#-----------------------------------------------------------
start_gui
open_project D:/Documents/Rubinek/Digital-electronics-1/Labs/03-vivado/tb_mux_2bit_new/tb_mux_2bit_new.xpr
INFO: [Common 17-41] Interrupt caught. Command should exit soon.
INFO: [Common 17-344] 'open_project' was cancelled
exit
INFO: [Common 17-206] Exiting Vivado at Wed Mar  3 14:03:09 2021...
ning sources...
Finished scanning sources
INFO: [IP_Flow 19-234] Refreshing IP repositories
INFO: [IP_Flow 19-1704] No user IP repositories specified
INFO: [IP_Flow 19-2313] Loaded Vivado IP repository 'C:/Xilinx/Vivado/2020.2/data/ip'.
open_project: Time (s): cpu = 00:00:32 ; elapsed = 00:00:17 . Memory (MB): peak = 1015.012 ; gain = 0.000
update_compile_order -fileset sources_1
close [ open D:/Documents/Rubinek/Digital-electronics-1/Labs/03-vivado/tb_mux_2bit_new/tb_mux_2bit_new.srcs/sources_1/new/hex_7seg.vhd w ]
add_files D:/Documents/Rubinek/Digital-electronics-1/Labs/03-vivado/tb_mux_2bit_new/tb_mux_2bit_new.srcs/sources_1/new/hex_7seg.vhd
update_compile_order -fileset sources_1
set_property SOURCE_SET sources_1 [get_filesets sim_1]
close [ open D:/Documents/Rubinek/Digital-electronics-1/Labs/03-vivado/tb_mux_2bit_new/tb_mux_2bit_new.srcs/sim_1/new/tb_hex_7seg.vhd w ]
add_files -fileset sim_1 D:/Documents/Rubinek/Digital-electronics-1/Labs/03-vivado/tb_mux_2bit_new/tb_mux_2bit_new.srcs/sim_1/new/tb_hex_7seg.vhd
update_compile_order -fileset sim_1
export_ip_user_files -of_objects  [get_files D:/Documents/Rubinek/Digital-electronics-1/Labs/03-vivado/tb_mux_2bit_new/tb_mux_2bit_new.srcs/sim_1/new/tb_mux_2bit_new.vhd] -no_script -reset -force -quiet
remove_files  -fileset sim_1 D:/Documents/Rubinek/Digital-electronics-1/Labs/03-vivado/tb_mux_2bit_new/tb_mux_2bit_new.srcs/sim_1/new/tb_mux_2bit_new.vhd
export_ip_user_files -of_objects  [get_files D:/Documents/Rubinek/Digital-electronics-1/Labs/03-vivado/tb_mux_2bit_new/tb_mux_2bit_new.srcs/sources_1/new/mux_2bit_new.vhd] -no_script -reset -force -quiet
remove_files  D:/Documents/Rubinek/Digital-electronics-1/Labs/03-vivado/tb_mux_2bit_new/tb_mux_2bit_new.srcs/sources_1/new/mux_2bit_new.vhd
update_compile_order -fileset sources_1
update_compile_order -fileset sim_1
launch_simulation
Command: launch_simulation 
INFO: [Vivado 12-5682] Launching behavioral simulation in 'D:/Documents/Rubinek/Digital-electronics-1/Labs/03-vivado/tb_mux_2bit_new/tb_mux_2bit_new.sim/sim_1/behav/xsim'
INFO: [SIM-utils-51] Simulation object is 'sim_1'
INFO: [SIM-utils-54] Inspecting design source files for 'tb_hex_7seg' in fileset 'sim_1'...
INFO: [USF-XSim-97] Finding global include files...
INFO: [USF-XSim-98] Fetching design files from 'sim_1'...
INFO: [USF-XSim-2] XSim::Compile design
INFO: [USF-XSim-61] Executing 'COMPILE and ANALYZE' step in 'D:/Documents/Rubinek/Digital-electronics-1/Labs/03-vivado/tb_mux_2bit_new/tb_mux_2bit_new.sim/sim_1/behav/xsim'
"xvhdl --incr --relax -prj tb_hex_7seg_vhdl.prj"
INFO: [VRFC 10-163] Analyzing VHDL file "D:/Documents/Rubinek/Digital-electronics-1/Labs/03-vivado/tb_mux_2bit_new/tb_mux_2bit_new.srcs/sources_1/new/hex_7seg.vhd" into library xil_defaultlib
INFO: [VRFC 10-3107] analyzing entity 'hex_7seg'
INFO: [VRFC 10-163] Analyzing VHDL file "D:/Documents/Rubinek/Digital-electronics-1/Labs/03-vivado/tb_mux_2bit_new/tb_mux_2bit_new.srcs/sim_1/new/tb_hex_7seg.vhd" into library xil_defaultlib
INFO: [VRFC 10-3107] analyzing entity 'tb_hex_7seg'
INFO: [USF-XSim-69] 'compile' step finished in '3' seconds
INFO: [USF-XSim-3] XSim::Elaborate design
INFO: [USF-XSim-61] Executing 'ELABORATE' step in 'D:/Documents/Rubinek/Digital-electronics-1/Labs/03-vivado/tb_mux_2bit_new/tb_mux_2bit_new.sim/sim_1/behav/xsim'
"xelab -wto 95857efa5bd34bec956b0db8657a3375 --incr --debug typical --relax --mt 2 -L xil_defaultlib -L secureip --snapshot tb_hex_7seg_behav xil_defaultlib.tb_hex_7seg -log elaborate.log"
Vivado Simulator 2020.2
Copyright 1986-1999, 2001-2020 Xilinx, Inc. All Rights Reserved.
Running: C:/Xilinx/Vivado/2020.2/bin/unwrapped/win64.o/xelab.exe -wto 95857efa5bd34bec956b0db8657a3375 --incr --debug typical --relax --mt 2 -L xil_defaultlib -L secureip --snapshot tb_hex_7seg_behav xil_defaultlib.tb_hex_7seg -log elaborate.log 
Using 2 slave threads.
Starting static elaboration
ERROR: [VRFC 10-3219] choice '"1001"' is already covered [D:/Documents/Rubinek/Digital-electronics-1/Labs/03-vivado/tb_mux_2bit_new/tb_mux_2bit_new.srcs/sources_1/new/hex_7seg.vhd:82]
ERROR: [VRFC 10-3219] choice '"1110"' is already covered [D:/Documents/Rubinek/Digital-electronics-1/Labs/03-vivado/tb_mux_2bit_new/tb_mux_2bit_new.srcs/sources_1/new/hex_7seg.vhd:105]
ERROR: [XSIM 43-3321] Static elaboration of top level VHDL design unit tb_hex_7seg in library work failed.
INFO: [USF-XSim-69] 'elaborate' step finished in '3' seconds
INFO: [USF-XSim-99] Step results log file:'D:/Documents/Rubinek/Digital-electronics-1/Labs/03-vivado/tb_mux_2bit_new/tb_mux_2bit_new.sim/sim_1/behav/xsim/elaborate.log'
ERROR: [USF-XSim-62] 'elaborate' step failed with error(s). Please check the Tcl console output or 'D:/Documents/Rubinek/Digital-electronics-1/Labs/03-vivado/tb_mux_2bit_new/tb_mux_2bit_new.sim/sim_1/behav/xsim/elaborate.log' file for more information.
ERROR: [Vivado 12-4473] Detected error while running simulation. Please correct the issue and retry this operation.
launch_simulation: Time (s): cpu = 00:00:03 ; elapsed = 00:00:08 . Memory (MB): peak = 1015.012 ; gain = 0.000
ERROR: [Common 17-39] 'launch_simulation' failed due to earlier errors.
close_project
open_project C:/Users/tomas/Documents/04-segment/display/display.xpr
WARNING: [filemgmt 56-3] Default IP Output Path : Could not find the directory 'C:/Users/tomas/Documents/04-segment/display/display.gen/sources_1'.
Scanning sources...
Finished scanning sources
INFO: [IP_Flow 19-234] Refreshing IP repositories
INFO: [IP_Flow 19-1704] No user IP repositories specified
INFO: [IP_Flow 19-2313] Loaded Vivado IP repository 'C:/Xilinx/Vivado/2020.2/data/ip'.
update_compile_order -fileset sources_1
launch_simulation
Command: launch_simulation 
INFO: [Vivado 12-5682] Launching behavioral simulation in 'C:/Users/tomas/Documents/04-segment/display/display.sim/sim_1/behav/xsim'
INFO: [SIM-utils-51] Simulation object is 'sim_1'
INFO: [SIM-utils-54] Inspecting design source files for 'tb_hex_7seg' in fileset 'sim_1'...
INFO: [USF-XSim-97] Finding global include files...
INFO: [USF-XSim-98] Fetching design files from 'sim_1'...
INFO: [USF-XSim-2] XSim::Compile design
INFO: [USF-XSim-61] Executing 'COMPILE and ANALYZE' step in 'C:/Users/tomas/Documents/04-segment/display/display.sim/sim_1/behav/xsim'
"xvhdl --incr --relax -prj tb_hex_7seg_vhdl.prj"
INFO: [VRFC 10-163] Analyzing VHDL file "C:/Users/tomas/Documents/04-segment/display/display.srcs/sim_1/new/tb_hex_7seg.vhd" into library xil_defaultlib
INFO: [VRFC 10-3107] analyzing entity 'tb_hex_7seg'
INFO: [USF-XSim-69] 'compile' step finished in '3' seconds
INFO: [USF-XSim-3] XSim::Elaborate design
INFO: [USF-XSim-61] Executing 'ELABORATE' step in 'C:/Users/tomas/Documents/04-segment/display/display.sim/sim_1/behav/xsim'
"xelab -wto 6003d94a4ba74e2793e66913707c8791 --incr --debug typical --relax --mt 2 -L xil_defaultlib -L secureip --snapshot tb_hex_7seg_behav xil_defaultlib.tb_hex_7seg -log elaborate.log"
Vivado Simulator 2020.2
Copyright 1986-1999, 2001-2020 Xilinx, Inc. All Rights Reserved.
Running: C:/Xilinx/Vivado/2020.2/bin/unwrapped/win64.o/xelab.exe -wto 6003d94a4ba74e2793e66913707c8791 --incr --debug typical --relax --mt 2 -L xil_defaultlib -L secureip --snapshot tb_hex_7seg_behav xil_defaultlib.tb_hex_7seg -log elaborate.log 
Using 2 slave threads.
Starting static elaboration
ERROR: [VRFC 10-3219] choice '"1001"' is already covered [C:/Users/tomas/Documents/04-segment/display/display.srcs/sources_1/new/hex_7seg.vhd:82]
ERROR: [VRFC 10-3219] choice '"1110"' is already covered [C:/Users/tomas/Documents/04-segment/display/display.srcs/sources_1/new/hex_7seg.vhd:105]
ERROR: [XSIM 43-3321] Static elaboration of top level VHDL design unit tb_hex_7seg in library work failed.
INFO: [USF-XSim-69] 'elaborate' step finished in '3' seconds
INFO: [USF-XSim-99] Step results log file:'C:/Users/tomas/Documents/04-segment/display/display.sim/sim_1/behav/xsim/elaborate.log'
ERROR: [USF-XSim-62] 'elaborate' step failed with error(s). Please check the Tcl console output or 'C:/Users/tomas/Documents/04-segment/display/display.sim/sim_1/behav/xsim/elaborate.log' file for more information.
ERROR: [Vivado 12-4473] Detected error while running simulation. Please correct the issue and retry this operation.
launch_simulation: Time (s): cpu = 00:00:02 ; elapsed = 00:00:07 . Memory (MB): peak = 1015.012 ; gain = 0.000
ERROR: [Common 17-39] 'launch_simulation' failed due to earlier errors.
launch_simulation
Command: launch_simulation 
INFO: [Vivado 12-5682] Launching behavioral simulation in 'C:/Users/tomas/Documents/04-segment/display/display.sim/sim_1/behav/xsim'
INFO: [SIM-utils-51] Simulation object is 'sim_1'
INFO: [SIM-utils-54] Inspecting design source files for 'tb_hex_7seg' in fileset 'sim_1'...
INFO: [USF-XSim-97] Finding global include files...
INFO: [USF-XSim-98] Fetching design files from 'sim_1'...
INFO: [USF-XSim-2] XSim::Compile design
INFO: [USF-XSim-61] Executing 'COMPILE and ANALYZE' step in 'C:/Users/tomas/Documents/04-segment/display/display.sim/sim_1/behav/xsim'
"xvhdl --incr --relax -prj tb_hex_7seg_vhdl.prj"
INFO: [VRFC 10-163] Analyzing VHDL file "C:/Users/tomas/Documents/04-segment/display/display.srcs/sources_1/new/hex_7seg.vhd" into library xil_defaultlib
INFO: [VRFC 10-3107] analyzing entity 'hex_7seg'
INFO: [VRFC 10-163] Analyzing VHDL file "C:/Users/tomas/Documents/04-segment/display/display.srcs/sim_1/new/tb_hex_7seg.vhd" into library xil_defaultlib
INFO: [VRFC 10-3107] analyzing entity 'tb_hex_7seg'
INFO: [USF-XSim-69] 'compile' step finished in '3' seconds
INFO: [USF-XSim-3] XSim::Elaborate design
INFO: [USF-XSim-61] Executing 'ELABORATE' step in 'C:/Users/tomas/Documents/04-segment/display/display.sim/sim_1/behav/xsim'
"xelab -wto 6003d94a4ba74e2793e66913707c8791 --incr --debug typical --relax --mt 2 -L xil_defaultlib -L secureip --snapshot tb_hex_7seg_behav xil_defaultlib.tb_hex_7seg -log elaborate.log"
Vivado Simulator 2020.2
Copyright 1986-1999, 2001-2020 Xilinx, Inc. All Rights Reserved.
Running: C:/Xilinx/Vivado/2020.2/bin/unwrapped/win64.o/xelab.exe -wto 6003d94a4ba74e2793e66913707c8791 --incr --debug typical --relax --mt 2 -L xil_defaultlib -L secureip --snapshot tb_hex_7seg_behav xil_defaultlib.tb_hex_7seg -log elaborate.log 
Using 2 slave threads.
Starting static elaboration
Completed static elaboration
Starting simulation data flow analysis
Completed simulation data flow analysis
Time Resolution for simulation is 1ps
Compiling package std.standard
Compiling package std.textio
Compiling package ieee.std_logic_1164
Compiling architecture behavioral of entity xil_defaultlib.hex_7seg [hex_7seg_default]
Compiling architecture behavioral of entity xil_defaultlib.tb_hex_7seg
Built simulation snapshot tb_hex_7seg_behav

****** Webtalk v2020.2 (64-bit)
  **** SW Build 3064766 on Wed Nov 18 09:12:45 MST 2020
  **** IP Build 3064653 on Wed Nov 18 14:17:31 MST 2020
    ** Copyright 1986-2020 Xilinx, Inc. All Rights Reserved.

source C:/Users/tomas/Documents/04-segment/display/display.sim/sim_1/behav/xsim/xsim.dir/tb_hex_7seg_behav/webtalk/xsim_webtalk.tcl -notrace
INFO: [Common 17-186] 'C:/Users/tomas/Documents/04-segment/display/display.sim/sim_1/behav/xsim/xsim.dir/tb_hex_7seg_behav/webtalk/usage_statistics_ext_xsim.xml' has been successfully sent to Xilinx on Wed Mar  3 14:09:22 2021. For additional details about this file, please refer to the WebTalk help file at C:/Xilinx/Vivado/2020.2/doc/webtalk_introduction.html.
INFO: [Common 17-206] Exiting Webtalk at Wed Mar  3 14:09:22 2021...
run_program: Time (s): cpu = 00:00:01 ; elapsed = 00:00:11 . Memory (MB): peak = 1015.012 ; gain = 0.000
INFO: [USF-XSim-69] 'elaborate' step finished in '11' seconds
INFO: [USF-XSim-4] XSim::Simulate design
INFO: [USF-XSim-61] Executing 'SIMULATE' step in 'C:/Users/tomas/Documents/04-segment/display/display.sim/sim_1/behav/xsim'
INFO: [USF-XSim-98] *** Running xsim
   with args "tb_hex_7seg_behav -key {Behavioral:sim_1:Functional:tb_hex_7seg} -tclbatch {tb_hex_7seg.tcl} -log {simulate.log}"
INFO: [USF-XSim-8] Loading simulator feature
Vivado Simulator 2020.2
Time resolution is 1 ps
source tb_hex_7seg.tcl
# set curr_wave [current_wave_config]
# if { [string length $curr_wave] == 0 } {
#   if { [llength [get_objects]] > 0} {
#     add_wave /
#     set_property needs_save false [current_wave_config]
#   } else {
#      send_msg_id Add_Wave-1 WARNING "No top level signals found. Simulator will start without a wave window. If you want to open a wave window go to 'File->New Waveform Configuration' or type 'create_wave_config' in the TCL console."
#   }
# }
# run 1000ns
xsim: Time (s): cpu = 00:00:11 ; elapsed = 00:00:06 . Memory (MB): peak = 1015.012 ; gain = 0.000
INFO: [USF-XSim-96] XSim completed. Design snapshot 'tb_hex_7seg_behav' loaded.
INFO: [USF-XSim-97] XSim simulation ran for 1000ns
launch_simulation: Time (s): cpu = 00:00:14 ; elapsed = 00:00:20 . Memory (MB): peak = 1015.012 ; gain = 0.000
close [ open C:/Users/tomas/Documents/04-segment/display/display.srcs/sources_1/new/top.vhd w ]
add_files C:/Users/tomas/Documents/04-segment/display/display.srcs/sources_1/new/top.vhd
update_compile_order -fileset sources_1
file mkdir C:/Users/tomas/Documents/04-segment/display/display.srcs/constrs_1
file mkdir C:/Users/tomas/Documents/04-segment/display/display.srcs/constrs_1/new
close [ open C:/Users/tomas/Documents/04-segment/display/display.srcs/constrs_1/new/nexys-a7-50t.xdc w ]
add_files -fileset constrs_1 C:/Users/tomas/Documents/04-segment/display/display.srcs/constrs_1/new/nexys-a7-50t.xdc
update_compile_order -fileset sources_1
run all
close_sim
INFO: [Simtcl 6-16] Simulation closed
close_sim: Time (s): cpu = 00:00:06 ; elapsed = 00:00:15 . Memory (MB): peak = 1015.012 ; gain = 0.000
exit
INFO: [Common 17-206] Exiting Vivado at Wed Mar  3 15:03:48 2021...
